KCPSM6 Assembler log file for program 'D:\Programowanie\Studia\Mikroelektroniczne Systemy Programowalne\Lab0_1\Lab0_1.srcs\sources_1\new\counter.psm'.
Generated by KCPSM6 version v2.70
Ken Chapman - Xilinx Ltd - 16th May 2014

Assembly datestamp: 27 Nov 2025
Assembly timestamp: 17:30:13

Contents
  Assembly listing
  List of PSM files
  List of CONSTANTs
  List of TABLEs
  List of STRINGs
  List of line labels
  Instruction usage statistics


Last occupied address: 015 hex
Nominal program memory size: 1K (1024)   address(9:0)
Actual memory size: 4096
  (Default memory size)
Occupied memory locations: 22
Memory locations available: 4074


Assembly listing

 Addr Code               Instruction

 000                     CONSTANT btn_port, 01
 000                     CONSTANT led_port, 02
 000                     NAMEREG s0, counter
 000                     NAMEREG s1, current_btn
 000                     NAMEREG s2, previous_btn
 000                     NAMEREG s3, temp
 000                     ; INITIALIZATION
 000  01000              LOAD s0[counter], 00
 001  01200              LOAD s2[previous_btn], 00
 002          main_loop: 
 002  09101              INPUT s1[current_btn], 01[btn_port]
 003  00310              LOAD s3[temp], s1[current_btn]
 004  03301              AND s3[temp], 01
 005  1D301              COMPARE s3[temp], 01
 006  3600B              JUMP NZ, 00B[check_dec]
 007  0D201              TEST s2[previous_btn], 01
 008  3600B              JUMP NZ, 00B[check_dec]
 009  11001              ADD s0[counter], 01
 00A  0300F              AND s0[counter], 0F
 00B          check_dec: 
 00B  00310              LOAD s3[temp], s1[current_btn]
 00C  03302              AND s3[temp], 02
 00D  1D302              COMPARE s3[temp], 02
 00E  36013              JUMP NZ, 013[update_out]
 00F  0D202              TEST s2[previous_btn], 02
 010  36013              JUMP NZ, 013[update_out]
 011  19001              SUB s0[counter], 01
 012  0300F              AND s0[counter], 0F
 013         update_out: 
 013  2D002              OUTPUT s0[counter], 02[led_port]
 014  00210              LOAD s2[previous_btn], s1[current_btn]
 015  22002              JUMP 002[main_loop]


All unused memory locations contain zero (equivalent to 'LOAD s0, s0')



List of PSM files that have been assembled

D:\Programowanie\Studia\Mikroelektroniczne Systemy Programowalne\Lab0_1\Lab0_1.srcs\sources_1\new\counter.psm



List of defined constants

 CONSTANT name     Value        Source PSM File

 timestamp_hours   17'd         
 timestamp_minutes 30'd         
 timestamp_seconds 13'd         
 datestamp_year    25'd         
 datestamp_month   11'd         
 datestamp_day     27'd         
 NUL               00           
 BEL               07           
 BS                08           
 HT                09           
 LF                0A           
 VT                0B           
 CR                0D           
 ESC               1B           
 DEL               7F           
 DCS               90           
 ST                9C           
 btn_port          01           counter.psm
 led_port          02           counter.psm



No TABLEs defined



List of text strings

 STRING name       String         Source PSM File

 KCPSM6_version$   "v2.70"        
 datestamp$        "27 Nov 2025"  
 timestamp$        "17:30:13"     



List of line labels

   Label        Addr  Source PSM File

   main_loop    002   counter.psm
   check_dec    00B   counter.psm
   update_out   013   counter.psm



Instruction usage statistics

 Instruction    Instances

 LOAD              5
 STAR              -

 AND               4
 OR                -
 XOR               -

 ADD               1
 ADDCY             -
 SUB               1
 SUBCY             -

 TEST              2
 TESTCY            -
 COMPARE           2
 COMPARECY         -

 SL0               -
 SL1               -
 SLX               -
 SLA               -
 RL                -
 SR0               -
 SR1               -
 SRX               -
 SRA               -
 RR                -

 REGBANK           -

 INPUT             1
 OUTPUT            1
 OUTPUTK           -

 STORE             -
 FETCH             -

 DISABLE           -
 ENABLE            -
 RETURNI           -

 JUMP              5
 JUMP@             -
 CALL              -
 CALL@             -
 RETURN            -
 LOAD&RETURN       -

 HWBUILD           -



End of KCPSM6 log file.
